<?xml version="1.0" encoding="utf-8"?><testsuites name="pytest tests"><testsuite name="pytest" errors="0" failures="0" skipped="0" tests="21" time="10.028" timestamp="2026-02-27T16:56:15.273181+00:00" hostname="agent-env-d5c805fd-dc7c-4539-926f-093f7d09dd82"><testcase classname="tests.test_fat2fit_api.TestAuth" name="test_signup_new_user" time="0.470" /><testcase classname="tests.test_fat2fit_api.TestAuth" name="test_signup_duplicate_email" time="0.167" /><testcase classname="tests.test_fat2fit_api.TestAuth" name="test_login_success" time="0.346" /><testcase classname="tests.test_fat2fit_api.TestAuth" name="test_login_invalid_credentials" time="0.377" /><testcase classname="tests.test_fat2fit_api.TestAuth" name="test_get_me_with_token" time="0.561" /><testcase classname="tests.test_fat2fit_api.TestAuth" name="test_get_me_without_token" time="0.147" /><testcase classname="tests.test_fat2fit_api.TestWorkoutPlans" name="test_get_workout_plans" time="0.114" /><testcase classname="tests.test_fat2fit_api.TestWorkoutPlans" name="test_get_single_workout_plan" time="0.145" /><testcase classname="tests.test_fat2fit_api.TestWorkoutPlans" name="test_get_nonexistent_plan" time="0.145" /><testcase classname="tests.test_fat2fit_api.TestWeightTracker" name="test_create_and_get_weight_entry" time="0.575" /><testcase classname="tests.test_fat2fit_api.TestWeightTracker" name="test_update_existing_weight_entry" time="0.597" /><testcase classname="tests.test_fat2fit_api.TestWeightTracker" name="test_delete_weight_entry" time="0.708" /><testcase classname="tests.test_fat2fit_api.TestWaterIntake" name="test_get_water_intake_new_date" time="0.471" /><testcase classname="tests.test_fat2fit_api.TestWaterIntake" name="test_add_water_glass" time="0.604" /><testcase classname="tests.test_fat2fit_api.TestWaterIntake" name="test_remove_water_glass" time="0.901" /><testcase classname="tests.test_fat2fit_api.TestWorkoutLogs" name="test_create_and_get_workout_log" time="0.547" /><testcase classname="tests.test_fat2fit_api.TestProgressPhotos" name="test_create_and_get_progress_photo" time="0.561" /><testcase classname="tests.test_fat2fit_api.TestProgressPhotos" name="test_get_single_photo_with_base64" time="0.646" /><testcase classname="tests.test_fat2fit_api.TestProgressPhotos" name="test_delete_progress_photo" time="0.759" /><testcase classname="tests.test_fat2fit_api.TestProfile" name="test_update_profile" time="0.611" /><testcase classname="tests.test_fat2fit_api.TestDashboard" name="test_get_dashboard" time="0.489" /></testsuite></testsuites>